Determining if the pthread_create exist failed with the following output:
Change Dir: /home/smorad/spherex_sim/build/CMakeFiles/CMakeTmp

Run Build Command:"/usr/bin/make" "cmTC_13ee2/fast"
/usr/bin/make -f CMakeFiles/cmTC_13ee2.dir/build.make CMakeFiles/cmTC_13ee2.dir/build
make[1]: Entering directory '/home/smorad/spherex_sim/build/CMakeFiles/CMakeTmp'
Building C object CMakeFiles/cmTC_13ee2.dir/CheckSymbolExists.c.o
/usr/bin/gcc     -o CMakeFiles/cmTC_13ee2.dir/CheckSymbolExists.c.o   -c /home/smorad/spherex_sim/build/CMakeFiles/CMakeTmp/CheckSymbolExists.c
Linking C executable cmTC_13ee2
/usr/bin/cmake -E cmake_link_script CMakeFiles/cmTC_13ee2.dir/link.txt --verbose=1
/usr/bin/gcc       CMakeFiles/cmTC_13ee2.dir/CheckSymbolExists.c.o  -o cmTC_13ee2 -rdynamic 
CMakeFiles/cmTC_13ee2.dir/CheckSymbolExists.c.o: In function `main':
CheckSymbolExists.c:(.text+0x16): undefined reference to `pthread_create'
collect2: error: ld returned 1 exit status
CMakeFiles/cmTC_13ee2.dir/build.make:97: recipe for target 'cmTC_13ee2' failed
make[1]: *** [cmTC_13ee2] Error 1
make[1]: Leaving directory '/home/smorad/spherex_sim/build/CMakeFiles/CMakeTmp'
Makefile:126: recipe for target 'cmTC_13ee2/fast' failed
make: *** [cmTC_13ee2/fast] Error 2

File /home/smorad/spherex_sim/build/CMakeFiles/CMakeTmp/CheckSymbolExists.c:
/* */
#include <pthread.h>

int main(int argc, char** argv)
{
  (void)argv;
#ifndef pthread_create
  return ((int*)(&pthread_create))[argc];
#else
  (void)argc;
  return 0;
#endif
}

Determining if the function pthread_create exists in the pthreads failed with the following output:
Change Dir: /home/smorad/spherex_sim/build/CMakeFiles/CMakeTmp

Run Build Command:"/usr/bin/make" "cmTC_80292/fast"
/usr/bin/make -f CMakeFiles/cmTC_80292.dir/build.make CMakeFiles/cmTC_80292.dir/build
make[1]: Entering directory '/home/smorad/spherex_sim/build/CMakeFiles/CMakeTmp'
Building C object CMakeFiles/cmTC_80292.dir/CheckFunctionExists.c.o
/usr/bin/gcc    -DCHECK_FUNCTION_EXISTS=pthread_create   -o CMakeFiles/cmTC_80292.dir/CheckFunctionExists.c.o   -c /usr/share/cmake-3.5/Modules/CheckFunctionExists.c
Linking C executable cmTC_80292
/usr/bin/cmake -E cmake_link_script CMakeFiles/cmTC_80292.dir/link.txt --verbose=1
/usr/bin/gcc   -DCHECK_FUNCTION_EXISTS=pthread_create    CMakeFiles/cmTC_80292.dir/CheckFunctionExists.c.o  -o cmTC_80292 -rdynamic -lpthreads 
/usr/bin/ld: cannot find -lpthreads
collect2: error: ld returned 1 exit status
CMakeFiles/cmTC_80292.dir/build.make:97: recipe for target 'cmTC_80292' failed
make[1]: *** [cmTC_80292] Error 1
make[1]: Leaving directory '/home/smorad/spherex_sim/build/CMakeFiles/CMakeTmp'
Makefile:126: recipe for target 'cmTC_80292/fast' failed
make: *** [cmTC_80292/fast] Error 2


